<?xml version="1.0" encoding="UTF-8"?>
<!-- Generated by org.testng.reporters.JUnitXMLReporter -->
<testsuite ignored="0" hostname="baaeddeeedfdbeebbfdecfeffbfaeafb-0" failures="0" tests="4" name="Surefire test" time="29.891" errors="0" timestamp="2025-02-28T11:24:51 UTC">
  <testcase classname="runner.TestRunner" name="caseOne" time="8.315"/>
  <testcase classname="runner.TestRunner" name="caseTwo" time="4.661"/>
  <testcase classname="runner.TestRunner" name="caseThree" time="5.174"/>
  <testcase classname="runner.TestRunner" name="caseFour" time="1.806"/>
</testsuite> <!-- Surefire test -->
