<?xml version="1.0" encoding="UTF-8"?>
<!-- Generated by org.testng.reporters.JUnitXMLReporter -->
<testsuite ignored="0" hostname="baaeddeeedfdbeebbfdecfeffbfaeafb-0" failures="0" tests="4" name="Surefire test" time="27.285" errors="0" timestamp="2025-02-28T11:36:29 UTC">
  <testcase classname="runner.TestRunner" name="caseOne" time="7.798"/>
  <testcase classname="runner.TestRunner" name="caseTwo" time="4.254"/>
  <testcase classname="runner.TestRunner" name="caseThree" time="4.928"/>
  <testcase classname="runner.TestRunner" name="caseFour" time="1.6"/>
</testsuite> <!-- Surefire test -->
