<?xml version="1.0" encoding="UTF-8"?>
<testng-results ignored="0" total="4" passed="4" failed="0" skipped="0">
  <reporter-output>
  </reporter-output>
  <suite started-at="2025-02-28T11:24:21 UTC" name="Surefire suite" finished-at="2025-02-28T11:24:51 UTC" duration-ms="29891">
    <groups>
    </groups>
    <test started-at="2025-02-28T11:24:21 UTC" name="Surefire test" finished-at="2025-02-28T11:24:51 UTC" duration-ms="29891">
      <class name="runner.TestRunner">
        <test-method is-config="true" signature="createRepo()[pri:0, instance:runner.TestRunner@358c99f5]" started-at="2025-02-28T11:24:21 UTC" name="createRepo" finished-at="2025-02-28T11:24:21 UTC" duration-ms="417" status="PASS">
          <reporter-output>
          </reporter-output>
        </test-method> <!-- createRepo -->
        <test-method is-config="true" signature="setup()[pri:0, instance:runner.TestRunner@358c99f5]" started-at="2025-02-28T11:24:21 UTC" name="setup" finished-at="2025-02-28T11:24:25 UTC" duration-ms="3390" status="PASS">
          <reporter-output>
          </reporter-output>
        </test-method> <!-- setup -->
        <test-method signature="caseOne()[pri:1, instance:runner.TestRunner@358c99f5]" started-at="2025-02-28T11:24:25 UTC" name="caseOne" finished-at="2025-02-28T11:24:33 UTC" duration-ms="8315" status="PASS">
          <reporter-output>
          </reporter-output>
        </test-method> <!-- caseOne -->
        <test-method is-config="true" signature="quitBrow()[pri:0, instance:runner.TestRunner@358c99f5]" started-at="2025-02-28T11:24:33 UTC" name="quitBrow" finished-at="2025-02-28T11:24:33 UTC" duration-ms="294" status="PASS">
          <reporter-output>
          </reporter-output>
        </test-method> <!-- quitBrow -->
        <test-method is-config="true" signature="setup()[pri:0, instance:runner.TestRunner@358c99f5]" started-at="2025-02-28T11:24:33 UTC" name="setup" finished-at="2025-02-28T11:24:35 UTC" duration-ms="1905" status="PASS">
          <reporter-output>
          </reporter-output>
        </test-method> <!-- setup -->
        <test-method signature="caseTwo()[pri:2, instance:runner.TestRunner@358c99f5]" started-at="2025-02-28T11:24:35 UTC" name="caseTwo" finished-at="2025-02-28T11:24:40 UTC" duration-ms="4661" status="PASS">
          <reporter-output>
          </reporter-output>
        </test-method> <!-- caseTwo -->
        <test-method is-config="true" signature="quitBrow()[pri:0, instance:runner.TestRunner@358c99f5]" started-at="2025-02-28T11:24:40 UTC" name="quitBrow" finished-at="2025-02-28T11:24:40 UTC" duration-ms="125" status="PASS">
          <reporter-output>
          </reporter-output>
        </test-method> <!-- quitBrow -->
        <test-method is-config="true" signature="setup()[pri:0, instance:runner.TestRunner@358c99f5]" started-at="2025-02-28T11:24:40 UTC" name="setup" finished-at="2025-02-28T11:24:42 UTC" duration-ms="1581" status="PASS">
          <reporter-output>
          </reporter-output>
        </test-method> <!-- setup -->
        <test-method signature="caseThree()[pri:3, instance:runner.TestRunner@358c99f5]" started-at="2025-02-28T11:24:42 UTC" name="caseThree" finished-at="2025-02-28T11:24:47 UTC" duration-ms="5174" status="PASS">
          <reporter-output>
          </reporter-output>
        </test-method> <!-- caseThree -->
        <test-method is-config="true" signature="quitBrow()[pri:0, instance:runner.TestRunner@358c99f5]" started-at="2025-02-28T11:24:47 UTC" name="quitBrow" finished-at="2025-02-28T11:24:47 UTC" duration-ms="79" status="PASS">
          <reporter-output>
          </reporter-output>
        </test-method> <!-- quitBrow -->
        <test-method is-config="true" signature="setup()[pri:0, instance:runner.TestRunner@358c99f5]" started-at="2025-02-28T11:24:47 UTC" name="setup" finished-at="2025-02-28T11:24:48 UTC" duration-ms="1572" status="PASS">
          <reporter-output>
          </reporter-output>
        </test-method> <!-- setup -->
        <test-method signature="caseFour()[pri:4, instance:runner.TestRunner@358c99f5]" started-at="2025-02-28T11:24:48 UTC" name="caseFour" finished-at="2025-02-28T11:24:50 UTC" duration-ms="1806" status="PASS">
          <reporter-output>
          </reporter-output>
        </test-method> <!-- caseFour -->
        <test-method is-config="true" signature="quitBrow()[pri:0, instance:runner.TestRunner@358c99f5]" started-at="2025-02-28T11:24:50 UTC" name="quitBrow" finished-at="2025-02-28T11:24:50 UTC" duration-ms="157" status="PASS">
          <reporter-output>
          </reporter-output>
        </test-method> <!-- quitBrow -->
        <test-method is-config="true" signature="flushrep()[pri:0, instance:runner.TestRunner@358c99f5]" started-at="2025-02-28T11:24:50 UTC" name="flushrep" finished-at="2025-02-28T11:24:51 UTC" duration-ms="331" status="PASS">
          <reporter-output>
          </reporter-output>
        </test-method> <!-- flushrep -->
      </class> <!-- runner.TestRunner -->
    </test> <!-- Surefire test -->
  </suite> <!-- Surefire suite -->
</testng-results>
