<?xml version="1.0" encoding="UTF-8"?>
<testng-results ignored="0" total="4" passed="4" failed="0" skipped="0">
  <reporter-output>
  </reporter-output>
  <suite started-at="2025-02-28T11:36:01 UTC" name="Surefire suite" finished-at="2025-02-28T11:36:29 UTC" duration-ms="27285">
    <groups>
    </groups>
    <test started-at="2025-02-28T11:36:01 UTC" name="Surefire test" finished-at="2025-02-28T11:36:29 UTC" duration-ms="27285">
      <class name="runner.TestRunner">
        <test-method is-config="true" signature="createRepo()[pri:0, instance:runner.TestRunner@358c99f5]" started-at="2025-02-28T11:36:02 UTC" name="createRepo" finished-at="2025-02-28T11:36:02 UTC" duration-ms="479" status="PASS">
          <reporter-output>
          </reporter-output>
        </test-method> <!-- createRepo -->
        <test-method is-config="true" signature="setup()[pri:0, instance:runner.TestRunner@358c99f5]" started-at="2025-02-28T11:36:02 UTC" name="setup" finished-at="2025-02-28T11:36:05 UTC" duration-ms="2708" status="PASS">
          <reporter-output>
          </reporter-output>
        </test-method> <!-- setup -->
        <test-method signature="caseOne()[pri:1, instance:runner.TestRunner@358c99f5]" started-at="2025-02-28T11:36:05 UTC" name="caseOne" finished-at="2025-02-28T11:36:12 UTC" duration-ms="7798" status="PASS">
          <reporter-output>
          </reporter-output>
        </test-method> <!-- caseOne -->
        <test-method is-config="true" signature="quitBrow()[pri:0, instance:runner.TestRunner@358c99f5]" started-at="2025-02-28T11:36:13 UTC" name="quitBrow" finished-at="2025-02-28T11:36:13 UTC" duration-ms="131" status="PASS">
          <reporter-output>
          </reporter-output>
        </test-method> <!-- quitBrow -->
        <test-method is-config="true" signature="setup()[pri:0, instance:runner.TestRunner@358c99f5]" started-at="2025-02-28T11:36:13 UTC" name="setup" finished-at="2025-02-28T11:36:14 UTC" duration-ms="1574" status="PASS">
          <reporter-output>
          </reporter-output>
        </test-method> <!-- setup -->
        <test-method signature="caseTwo()[pri:2, instance:runner.TestRunner@358c99f5]" started-at="2025-02-28T11:36:14 UTC" name="caseTwo" finished-at="2025-02-28T11:36:18 UTC" duration-ms="4254" status="PASS">
          <reporter-output>
          </reporter-output>
        </test-method> <!-- caseTwo -->
        <test-method is-config="true" signature="quitBrow()[pri:0, instance:runner.TestRunner@358c99f5]" started-at="2025-02-28T11:36:18 UTC" name="quitBrow" finished-at="2025-02-28T11:36:19 UTC" duration-ms="100" status="PASS">
          <reporter-output>
          </reporter-output>
        </test-method> <!-- quitBrow -->
        <test-method is-config="true" signature="setup()[pri:0, instance:runner.TestRunner@358c99f5]" started-at="2025-02-28T11:36:19 UTC" name="setup" finished-at="2025-02-28T11:36:20 UTC" duration-ms="1420" status="PASS">
          <reporter-output>
          </reporter-output>
        </test-method> <!-- setup -->
        <test-method signature="caseThree()[pri:3, instance:runner.TestRunner@358c99f5]" started-at="2025-02-28T11:36:20 UTC" name="caseThree" finished-at="2025-02-28T11:36:25 UTC" duration-ms="4928" status="PASS">
          <reporter-output>
          </reporter-output>
        </test-method> <!-- caseThree -->
        <test-method is-config="true" signature="quitBrow()[pri:0, instance:runner.TestRunner@358c99f5]" started-at="2025-02-28T11:36:25 UTC" name="quitBrow" finished-at="2025-02-28T11:36:25 UTC" duration-ms="78" status="PASS">
          <reporter-output>
          </reporter-output>
        </test-method> <!-- quitBrow -->
        <test-method is-config="true" signature="setup()[pri:0, instance:runner.TestRunner@358c99f5]" started-at="2025-02-28T11:36:25 UTC" name="setup" finished-at="2025-02-28T11:36:26 UTC" duration-ms="1489" status="PASS">
          <reporter-output>
          </reporter-output>
        </test-method> <!-- setup -->
        <test-method signature="caseFour()[pri:4, instance:runner.TestRunner@358c99f5]" started-at="2025-02-28T11:36:26 UTC" name="caseFour" finished-at="2025-02-28T11:36:28 UTC" duration-ms="1600" status="PASS">
          <reporter-output>
          </reporter-output>
        </test-method> <!-- caseFour -->
        <test-method is-config="true" signature="quitBrow()[pri:0, instance:runner.TestRunner@358c99f5]" started-at="2025-02-28T11:36:28 UTC" name="quitBrow" finished-at="2025-02-28T11:36:28 UTC" duration-ms="101" status="PASS">
          <reporter-output>
          </reporter-output>
        </test-method> <!-- quitBrow -->
        <test-method is-config="true" signature="flushrep()[pri:0, instance:runner.TestRunner@358c99f5]" started-at="2025-02-28T11:36:28 UTC" name="flushrep" finished-at="2025-02-28T11:36:29 UTC" duration-ms="576" status="PASS">
          <reporter-output>
          </reporter-output>
        </test-method> <!-- flushrep -->
      </class> <!-- runner.TestRunner -->
    </test> <!-- Surefire test -->
  </suite> <!-- Surefire suite -->
</testng-results>
